<?xml version="1.0" encoding="UTF-8"?>
<testng-results skipped="0" failed="0" ignored="0" total="1" passed="1">
  <reporter-output>
  </reporter-output>
  <suite name="Suite" duration-ms="13188" started-at="2021-11-08T23:48:29 IST" finished-at="2021-11-08T23:48:42 IST">
    <groups>
    </groups>
    <test name="Test1" duration-ms="13188" started-at="2021-11-08T23:48:29 IST" finished-at="2021-11-08T23:48:42 IST">
      <class name="mavenforjenkins.UITest">
        <test-method status="PASS" signature="startBrowser()[pri:0, instance:mavenforjenkins.UITest@a67c67e]" name="startBrowser" duration-ms="13110" started-at="2021-11-08T23:48:29 IST" finished-at="2021-11-08T23:48:42 IST">
          <reporter-output>
          </reporter-output>
        </test-method> <!-- startBrowser -->
      </class> <!-- mavenforjenkins.UITest -->
    </test> <!-- Test1 -->
  </suite> <!-- Suite -->
</testng-results>
